\BOOKMARK [0][-]{part.1}{I A Introduction to Python}{}% 1
\BOOKMARK [1][-]{subsection.0.1}{Using Python as a calculator}{part.1}% 2
\BOOKMARK [2][-]{subsection.0.2}{Assignments}{subsection.0.1}% 3
\BOOKMARK [2][-]{subsection.0.3}{Comments}{subsection.0.1}% 4
\BOOKMARK [2][-]{subsection.0.4}{Types}{subsection.0.1}% 5
\BOOKMARK [2][-]{subsection.0.5}{Complex numbers}{subsection.0.1}% 6
\BOOKMARK [2][-]{subsection.0.6}{Booleans}{subsection.0.1}% 7
\BOOKMARK [2][-]{subsection.0.7}{Formating strings}{subsection.0.1}% 8
\BOOKMARK [2][-]{subsection.0.8}{Strings}{subsection.0.1}% 9
\BOOKMARK [2][-]{subsection.0.9}{Containers: Tuples, Lists and Dictionaries}{subsection.0.1}% 10
\BOOKMARK [3][-]{subsubsection*.1}{list: a collection of objects. May be of different types. It has an order.}{subsection.0.9}% 11
\BOOKMARK [3][-]{subsubsection*.2}{tuples: like lists, but inmutables}{subsection.0.9}% 12
\BOOKMARK [3][-]{subsubsection*.3}{Dictionnaries}{subsection.0.9}% 13
\BOOKMARK [2][-]{subsection.0.10}{Blocks}{subsection.0.1}% 14
\BOOKMARK [2][-]{subsection.0.11}{List and dictionnary comprehension}{subsection.0.1}% 15
\BOOKMARK [2][-]{subsection.0.12}{Functions, procedures}{subsection.0.1}% 16
\BOOKMARK [3][-]{subsubsection*.4}{Changing the value of variable inside a routine}{subsection.0.12}% 17
\BOOKMARK [3][-]{subsubsection*.5}{Variables from outside \(from a level above\) are known:}{subsection.0.12}% 18
\BOOKMARK [3][-]{subsubsection*.6}{Variables from inside are unknown outside:}{subsection.0.12}% 19
\BOOKMARK [3][-]{subsubsection*.7}{Global variable is known outside:}{subsection.0.12}% 20
\BOOKMARK [3][-]{subsubsection*.8}{Recursivity}{subsection.0.12}% 21
\BOOKMARK [2][-]{subsection.0.13}{Scripting}{subsection.0.1}% 22
\BOOKMARK [2][-]{subsection.0.14}{Importing libraries}{subsection.0.1}% 23
